<?xml version="1.0" encoding="UTF-8"?>
<!-- Generated by org.testng.reporters.JUnitXMLReporter -->
<testsuite ignored="2" hostname="DESKTOP-BGILPG9" failures="0" tests="0" time="0.024" errors="0" timestamp="2022-12-24T13:42:04 IST">
  <testcase classname="org.FrameworkFromScratch.EndToEndTests" name="orderPresentInHistoryTest" time="0.0">
    <ignored/>
  </testcase> <!-- orderPresentInHistoryTest -->
  <testcase classname="org.FrameworkFromScratch.EndToEndTests" name="submitOrderTest" time="0.0">
    <ignored/>
  </testcase> <!-- submitOrderTest -->
</testsuite>
