<?xml version="1.0" encoding="UTF-8"?>
<!-- Generated by org.testng.reporters.JUnitXMLReporter -->
<testsuite ignored="1" hostname="DESKTOP-BGILPG9" failures="0" tests="1" name="Error Validation Tests" time="6.592" errors="0" timestamp="2022-12-24T13:42:11 IST">
  <testcase classname="org.FrameworkFromScratch.ErrorValidationTests" name="invalidLoginTest" time="0.772"/>
  <testcase classname="org.FrameworkFromScratch.ErrorValidationTests" name="invalidProductTest" time="0.0">
    <ignored/>
  </testcase> <!-- invalidProductTest -->
</testsuite> <!-- Error Validation Tests -->
