<?xml version="1.0" encoding="UTF-8"?>
<testng-results ignored="0" total="2" passed="2" failed="0" skipped="0">
  <reporter-output>
  </reporter-output>
  <suite started-at="2022-07-24T23:24:35 IST" name="All Test Suite" finished-at="2022-07-24T23:24:35 IST" duration-ms="89">
    <groups>
    </groups>
    <test started-at="2022-07-24T23:24:35 IST" name="C:/Users/anand/Documents/Selenium Webdriver/SeleniumEclipseWorkspace/MavenTutorial" finished-at="2022-07-24T23:24:35 IST" duration-ms="89">
      <class name="AutomationTesting.SeleniumTest">
        <test-method signature="screenshot()[pri:0, instance:AutomationTesting.SeleniumTest@be64738]" started-at="2022-07-24T23:24:35 IST" name="screenshot" finished-at="2022-07-24T23:24:35 IST" duration-ms="10" status="PASS">
          <reporter-output>
          </reporter-output>
        </test-method> <!-- screenshot -->
        <test-method signature="openBrowser()[pri:0, instance:AutomationTesting.SeleniumTest@be64738]" started-at="2022-07-24T23:24:35 IST" name="openBrowser" finished-at="2022-07-24T23:24:35 IST" duration-ms="1" status="PASS">
          <reporter-output>
          </reporter-output>
        </test-method> <!-- openBrowser -->
      </class> <!-- AutomationTesting.SeleniumTest -->
    </test> <!-- C:/Users/anand/Documents/Selenium Webdriver/SeleniumEclipseWorkspace/MavenTutorial -->
  </suite> <!-- All Test Suite -->
</testng-results>
