<?xml version="1.0" encoding="UTF-8"?>
<!-- Generated by org.testng.reporters.JUnitXMLReporter -->
<testsuite ignored="0" hostname="DESKTOP-BGILPG9" failures="0" tests="2" name="Error Validation Tests" time="16.177" errors="0" timestamp="2023-01-04T08:03:30 IST">
  <testcase classname="org.FrameworkFromScratch.ErrorValidationTests" name="invalidLoginTest" time="1.303"/>
  <testcase classname="org.FrameworkFromScratch.ErrorValidationTests" name="invalidProductTest" time="2.932"/>
</testsuite> <!-- Error Validation Tests -->
