<?xml version="1.0" encoding="UTF-8"?>
<testsuite xmlns:xsi="http://www.w3.org/2001/XMLSchema-instance" xsi:noNamespaceSchemaLocation="https://maven.apache.org/surefire/maven-surefire-plugin/xsd/surefire-test-report-3.0.xsd" version="3.0" name="TestSuite" time="22.729" tests="3" errors="0" skipped="0" failures="0">
  <properties>
[...]
</properties>
  <testcase name="SampleTestCase" classname="org.AutomationTesting.SampleTest" time="11.414">
    <system-out><![CDATA[[&amp#27;[1;34mINFO&amp#27;[0;39m] [Utils] MethodGroupsHelper.collectMethodsByGroup() took 0 ms.
[&amp#27;[1;34mINFO&amp#27;[0;39m] [Utils] MethodGroupsHelper.sortMethods() took 5 ms.
[&amp#27;[1;34mINFO&amp#27;[0;39m] [Utils] MethodGroupsHelper.collectMethodsByGroup() took 0 ms.
[&amp#27;[1;34mINFO&amp#27;[0;39m] [Utils] MethodGroupsHelper.sortMethods() took 0 ms.
[&amp#27;[1;34mINFO&amp#27;[0;39m] [Utils] MethodGroupsHelper.collectMethodsByGroup() took 0 ms.
[&amp#27;[1;34mINFO&amp#27;[0;39m] [Utils] MethodGroupsHelper.sortMethods() took 0 ms.
[&amp#27;[1;34mINFO&amp#27;[0;39m] [Utils] MethodGroupsHelper.collectMethodsByGroup() took 0 ms.
[&amp#27;[1;34mINFO&amp#27;[0;39m] [Utils] MethodGroupsHelper.sortMethods() took 0 ms.
[&amp#27;[1;34mINFO&amp#27;[0;39m] [Utils] MethodGroupsHelper.collectMethodsByGroup() took 0 ms.
[&amp#27;[1;34mINFO&amp#27;[0;39m] [Utils] MethodGroupsHelper.sortMethods() took 0 ms.
[&amp#27;[1;34mINFO&amp#27;[0;39m] [Utils] MethodGroupsHelper.collectMethodsByGroup() took 0 ms.
[&amp#27;[1;34mINFO&amp#27;[0;39m] [Utils] MethodGroupsHelper.sortMethods() took 0 ms.
[&amp#27;[1;34mINFO&amp#27;[0;39m] [Utils] MethodGroupsHelper.collectMethodsByGroup() took 0 ms.
[&amp#27;[1;34mINFO&amp#27;[0;39m] [Utils] MethodGroupsHelper.sortMethods() took 0 ms.
[&amp#27;[1;34mINFO&amp#27;[0;39m] [Utils] MethodGroupsHelper.collectMethodsByGroup() took 0 ms.
[&amp#27;[1;34mINFO&amp#27;[0;39m] [Utils] MethodGroupsHelper.sortMethods() took 0 ms.
[&amp#27;[1;34mINFO&amp#27;[0;39m] [Utils] MethodGroupsHelper.collectMethodsByGroup() took 0 ms.
[&amp#27;[1;34mINFO&amp#27;[0;39m] [Utils] MethodGroupsHelper.sortMethods() took 0 ms.
[&amp#27;[1;34mINFO&amp#27;[0;39m] [Utils] MethodGroupsHelper.collectMethodsByGroup() took 0 ms.
[&amp#27;[1;34mINFO&amp#27;[0;39m] [Utils] MethodGroupsHelper.sortMethods() took 0 ms.
[&amp#27;[1;34mINFO&amp#27;[0;39m] [Utils] MethodGroupsHelper.collectMethodsByGroup() took 0 ms.
[&amp#27;[1;34mINFO&amp#27;[0;39m] [Utils] MethodGroupsHelper.sortMethods() took 0 ms.
[&amp#27;[1;34mINFO&amp#27;[0;39m] [Utils] MethodGroupsHelper.collectMethodsByGroup() took 0 ms.
[&amp#27;[1;34mINFO&amp#27;[0;39m] [Utils] MethodGroupsHelper.sortMethods() took 0 ms.
[&amp#27;[1;34mINFO&amp#27;[0;39m] [Utils] MethodGroupsHelper.collectMethodsByGroup() took 3 ms.
[&amp#27;[1;34mINFO&amp#27;[0;39m] [Utils] MethodGroupsHelper.sortMethods() took 6 ms.
[&amp#27;[1;34mINFO&amp#27;[0;39m] [Utils] MethodGroupsHelper.collectMethodsByGroup() took 0 ms.
[&amp#27;[1;34mINFO&amp#27;[0;39m] [Utils] MethodGroupsHelper.sortMethods() took 0 ms.
[&amp#27;[1;34mINFO&amp#27;[0;39m] [Utils] MethodGroupsHelper.collectMethodsByGroup() took 0 ms.
[&amp#27;[1;34mINFO&amp#27;[0;39m] [Utils] MethodGroupsHelper.sortMethods() took 0 ms.
[&amp#27;[1;34mINFO&amp#27;[0;39m] [Utils] MethodGroupsHelper.collectMethodsByGroup() took 0 ms.
[&amp#27;[1;34mINFO&amp#27;[0;39m] [Utils] MethodGroupsHelper.sortMethods() took 0 ms.
[&amp#27;[1;34mINFO&amp#27;[0;39m] [Utils] MethodGroupsHelper.collectMethodsByGroup() took 0 ms.
[&amp#27;[1;34mINFO&amp#27;[0;39m] [Utils] MethodGroupsHelper.sortMethods() took 0 ms.
[&amp#27;[1;34mINFO&amp#27;[0;39m] [Utils] MethodGroupsHelper.collectMethodsByGroup() took 0 ms.
[&amp#27;[1;34mINFO&amp#27;[0;39m] [Utils] MethodGroupsHelper.sortMethods() took 0 ms.
[&amp#27;[1;34mINFO&amp#27;[0;39m] [Utils] MethodGroupsHelper.collectMethodsByGroup() took 0 ms.
[&amp#27;[1;34mINFO&amp#27;[0;39m] [Utils] MethodGroupsHelper.sortMethods() took 0 ms.
[&amp#27;[1;34mINFO&amp#27;[0;39m] [Utils] MethodGroupsHelper.collectMethodsByGroup() took 0 ms.
[&amp#27;[1;34mINFO&amp#27;[0;39m] [Utils] MethodGroupsHelper.sortMethods() took 0 ms.
[&amp#27;[1;34mINFO&amp#27;[0;39m] [Utils] MethodGroupsHelper.collectMethodsByGroup() took 0 ms.
[&amp#27;[1;34mINFO&amp#27;[0;39m] [Utils] MethodGroupsHelper.sortMethods() took 0 ms.
[&amp#27;[1;34mINFO&amp#27;[0;39m] [Utils] MethodGroupsHelper.collectMethodsByGroup() took 0 ms.
[&amp#27;[1;34mINFO&amp#27;[0;39m] [Utils] MethodGroupsHelper.sortMethods() took 0 ms.
[&amp#27;[1;34mINFO&amp#27;[0;39m] [Utils] MethodGroupsHelper.collectMethodsByGroup() took 0 ms.
[&amp#27;[1;34mINFO&amp#27;[0;39m] [Utils] MethodGroupsHelper.sortMethods() took 0 ms.
[&amp#27;[1;34mINFO&amp#27;[0;39m] [Utils] MethodGroupsHelper.collectMethodsByGroup() took 0 ms.
[&amp#27;[1;34mINFO&amp#27;[0;39m] [Utils] MethodGroupsHelper.sortMethods() took 0 ms.
[&amp#27;[1;34mINFO&amp#27;[0;39m] [Utils] MethodGroupsHelper.collectMethodsByGroup() took 0 ms.
[&amp#27;[1;34mINFO&amp#27;[0;39m] [Utils] MethodGroupsHelper.sortMethods() took 0 ms.
[&amp#27;[1;34mINFO&amp#27;[0;39m] [Utils] MethodGroupsHelper.collectMethodsByGroup() took 0 ms.
[&amp#27;[1;34mINFO&amp#27;[0;39m] [Utils] MethodGroupsHelper.sortMethods() took 0 ms.
[&amp#27;[1;34mINFO&amp#27;[0;39m] [Utils] MethodGroupsHelper.collectMethodsByGroup() took 0 ms.
[&amp#27;[1;34mINFO&amp#27;[0;39m] [Utils] MethodGroupsHelper.sortMethods() took 0 ms.
[&amp#27;[1;34mINFO&amp#27;[0;39m] [Utils] MethodGroupsHelper.collectMethodsByGroup() took 0 ms.
[&amp#27;[1;34mINFO&amp#27;[0;39m] [Utils] MethodGroupsHelper.sortMethods() took 0 ms.
[&amp#27;[1;34mINFO&amp#27;[0;39m] [Utils] MethodGroupsHelper.collectMethodsByGroup() took 0 ms.
[&amp#27;[1;34mINFO&amp#27;[0;39m] [Utils] MethodGroupsHelper.sortMethods() took 0 ms.
[&amp#27;[1;34mINFO&amp#27;[0;39m] [Utils] MethodGroupsHelper.collectMethodsByGroup() took 0 ms.
[&amp#27;[1;34mINFO&amp#27;[0;39m] [Utils] MethodGroupsHelper.sortMethods() took 0 ms.
[&amp#27;[1;34mINFO&amp#27;[0;39m] [Utils] MethodGroupsHelper.collectMethodsByGroup() took 0 ms.
[&amp#27;[1;34mINFO&amp#27;[0;39m] [Utils] MethodGroupsHelper.sortMethods() took 0 ms.
[&amp#27;[1;34mINFO&amp#27;[0;39m] [Utils] MethodGroupsHelper.collectMethodsByGroup() took 0 ms.
[&amp#27;[1;34mINFO&amp#27;[0;39m] [Utils] MethodGroupsHelper.sortMethods() took 0 ms.
[&amp#27;[1;34mINFO&amp#27;[0;39m] [Utils] MethodGroupsHelper.collectMethodsByGroup() took 0 ms.
[&amp#27;[1;34mINFO&amp#27;[0;39m] [Utils] MethodGroupsHelper.sortMethods() took 0 ms.
[&amp#27;[1;34mINFO&amp#27;[0;39m] [Utils] MethodGroupsHelper.collectMethodsByGroup() took 0 ms.
[&amp#27;[1;34mINFO&amp#27;[0;39m] [Utils] MethodGroupsHelper.sortMethods() took 0 ms.
[&amp#27;[1;34mINFO&amp#27;[0;39m] [Utils] MethodGroupsHelper.collectMethodsByGroup() took 0 ms.
[&amp#27;[1;34mINFO&amp#27;[0;39m] [Utils] MethodGroupsHelper.sortMethods() took 0 ms.
[&amp#27;[1;34mINFO&amp#27;[0;39m] [Utils] MethodGroupsHelper.collectMethodsByGroup() took 0 ms.
[&amp#27;[1;34mINFO&amp#27;[0;39m] [Utils] MethodGroupsHelper.sortMethods() took 0 ms.
[&amp#27;[1;34mINFO&amp#27;[0;39m] [Utils] MethodGroupsHelper.collectMethodsByGroup() took 0 ms.
[&amp#27;[1;34mINFO&amp#27;[0;39m] [Utils] MethodGroupsHelper.sortMethods() took 0 ms.
[&amp#27;[1;34mINFO&amp#27;[0;39m] [Utils] MethodGroupsHelper.collectMethodsByGroup() took 0 ms.
[&amp#27;[1;34mINFO&amp#27;[0;39m] [Utils] MethodGroupsHelper.sortMethods() took 0 ms.
[&amp#27;[1;34mINFO&amp#27;[0;39m] [Utils] MethodGroupsHelper.collectMethodsByGroup() took 0 ms.
[&amp#27;[1;34mINFO&amp#27;[0;39m] [Utils] MethodGroupsHelper.sortMethods() took 0 ms.
[&amp#27;[1;34mINFO&amp#27;[0;39m] [Utils] MethodGroupsHelper.collectMethodsByGroup() took 0 ms.
[&amp#27;[1;34mINFO&amp#27;[0;39m] [Utils] MethodGroupsHelper.sortMethods() took 0 ms.
[&amp#27;[1;34mINFO&amp#27;[0;39m] [Utils] MethodGroupsHelper.collectMethodsByGroup() took 0 ms.
[&amp#27;[1;34mINFO&amp#27;[0;39m] [Utils] MethodGroupsHelper.sortMethods() took 0 ms.
[&amp#27;[1;34mINFO&amp#27;[0;39m] [Utils] MethodGroupsHelper.collectMethodsByGroup() took 0 ms.
[&amp#27;[1;34mINFO&amp#27;[0;39m] [Utils] MethodGroupsHelper.sortMethods() took 0 ms.
[&amp#27;[1;34mINFO&amp#27;[0;39m] [Utils] MethodGroupsHelper.collectMethodsByGroup() took 0 ms.
[&amp#27;[1;34mINFO&amp#27;[0;39m] [Utils] MethodGroupsHelper.sortMethods() took 1 ms.
[&amp#27;[1;34mINFO&amp#27;[0;39m] [Utils] MethodGroupsHelper.collectMethodsByGroup() took 0 ms.
[&amp#27;[1;34mINFO&amp#27;[0;39m] [Utils] MethodGroupsHelper.sortMethods() took 0 ms.
[&amp#27;[1;34mINFO&amp#27;[0;39m] [Utils] MethodGroupsHelper.collectMethodsByGroup() took 0 ms.
[&amp#27;[1;34mINFO&amp#27;[0;39m] [Utils] MethodGroupsHelper.sortMethods() took 0 ms.
[&amp#27;[1;34mINFO&amp#27;[0;39m] [ThreadUtil] Starting executor timeOut:2147483647ms workers:3 threadPoolSize:3
[&amp#27;[1;34mINFO&amp#27;[0;39m] [Utils] DynamicGraphHelper.createDynamicGraph() took 8 ms.
[&amp#27;[1;34mINFO&amp#27;[0;39m] [Utils] DynamicGraphHelper.createDynamicGraph() took 8 ms.
[&amp#27;[1;34mINFO&amp#27;[0;39m] [Utils] DynamicGraphHelper.createDynamicGraph() took 9 ms.
]]></system-out>
    <system-err><![CDATA[Apr 15, 2023 7:54:19 PM org.openqa.selenium.remote.tracing.opentelemetry.OpenTelemetryTracer createTracer
INFO: Using OpenTelemetry for tracing
]]></system-err>
  </testcase>
  <testcase name="SampleTestCase" classname="org.AutomationTesting.SampleTest" time="19.868">
    <system-out><![CDATA[PASSED: org.AutomationTesting.SampleTest.SampleTestCase

===============================================
    C:/Users/Hp/Documents/Backup/Documents/Selenium Webdriver/SeleniumEclipseWorkspace/CrossBrowserTesting-2
    Tests run: 1, Failures: 0, Skips: 0
===============================================

]]></system-out>
  </testcase>
  <testcase name="SampleTestCase" classname="org.AutomationTesting.SampleTest" time="21.338">
    <system-out><![CDATA[PASSED: org.AutomationTesting.SampleTest.SampleTestCase

===============================================
    C:/Users/Hp/Documents/Backup/Documents/Selenium Webdriver/SeleniumEclipseWorkspace/CrossBrowserTesting-1
    Tests run: 1, Failures: 0, Skips: 0
===============================================

]]></system-out>
  </testcase>
</testsuite>