<?xml version="1.0" encoding="UTF-8"?>
<testng-results ignored="0" total="3" passed="3" failed="0" skipped="0">
  <reporter-output>
  </reporter-output>
  <suite started-at="2023-04-15T19:54:18 IST" name="All Test Suite" finished-at="2023-04-15T19:54:40 IST" duration-ms="21603">
    <groups>
    </groups>
    <test started-at="2023-04-15T19:54:18 IST" name="C:/Users/Hp/Documents/Backup/Documents/Selenium Webdriver/SeleniumEclipseWorkspace/CrossBrowserTesting-2" finished-at="2023-04-15T19:54:30 IST" duration-ms="11687">
      <class name="org.AutomationTesting.SampleTest">
        <test-method signature="SampleTestCase()[pri:0, instance:org.AutomationTesting.SampleTest@654b72c0]" started-at="2023-04-15T19:54:18 IST" name="SampleTestCase" finished-at="2023-04-15T19:54:27 IST" duration-ms="9101" status="PASS">
          <reporter-output>
          </reporter-output>
        </test-method> <!-- SampleTestCase -->
      </class> <!-- org.AutomationTesting.SampleTest -->
    </test> <!-- C:/Users/Hp/Documents/Backup/Documents/Selenium Webdriver/SeleniumEclipseWorkspace/CrossBrowserTesting-2 -->
    <test started-at="2023-04-15T19:54:18 IST" name="C:/Users/Hp/Documents/Backup/Documents/Selenium Webdriver/SeleniumEclipseWorkspace/CrossBrowserTesting-1" finished-at="2023-04-15T19:54:38 IST" duration-ms="20136">
      <class name="org.AutomationTesting.SampleTest">
        <test-method signature="SampleTestCase()[pri:0, instance:org.AutomationTesting.SampleTest@20921b9b]" started-at="2023-04-15T19:54:18 IST" name="SampleTestCase" finished-at="2023-04-15T19:54:36 IST" duration-ms="17608" status="PASS">
          <reporter-output>
          </reporter-output>
        </test-method> <!-- SampleTestCase -->
      </class> <!-- org.AutomationTesting.SampleTest -->
    </test> <!-- C:/Users/Hp/Documents/Backup/Documents/Selenium Webdriver/SeleniumEclipseWorkspace/CrossBrowserTesting-1 -->
    <test started-at="2023-04-15T19:54:18 IST" name="C:/Users/Hp/Documents/Backup/Documents/Selenium Webdriver/SeleniumEclipseWorkspace/CrossBrowserTesting-0" finished-at="2023-04-15T19:54:40 IST" duration-ms="21603">
      <class name="org.AutomationTesting.SampleTest">
        <test-method signature="SampleTestCase()[pri:0, instance:org.AutomationTesting.SampleTest@4c7a078]" started-at="2023-04-15T19:54:18 IST" name="SampleTestCase" finished-at="2023-04-15T19:54:37 IST" duration-ms="19059" status="PASS">
          <reporter-output>
          </reporter-output>
        </test-method> <!-- SampleTestCase -->
      </class> <!-- org.AutomationTesting.SampleTest -->
    </test> <!-- C:/Users/Hp/Documents/Backup/Documents/Selenium Webdriver/SeleniumEclipseWorkspace/CrossBrowserTesting-0 -->
  </suite> <!-- All Test Suite -->
</testng-results>
